<?xml version="1.0" encoding="UTF-8"?>
<!-- Generated by org.testng.reporters.JUnitXMLReporter -->
<testsuite ignored="0" hostname="DESKTOP-DBKJRU1" failures="1" tests="7" name="Test" time="21.735" errors="0" timestamp="2021-04-11T12:33:12 IST">
  <testcase classname="testClass.ValidateFields" name="ValidateField" time="0.097">
    <failure type="java.lang.AssertionError" message="expected [ACR 2022 rANNUAL MEETING] but found [ACR 2022 ANNUAL MEETING]">
      <![CDATA[java.lang.AssertionError: expected [ACR 2022 rANNUAL MEETING] but found [ACR 2022 ANNUAL MEETING]
at testClass.ValidateFields.ValidateField(ValidateFields.java:45)
at java.base/java.util.ArrayList.forEach(ArrayList.java:1511)
... Removed 32 stack frames]]>
    </failure>
  </testcase> <!-- ValidateField -->
  <testcase classname="testClass.CICIPagesInvalidUser" name="initializeInValidUser" time="1.985"/>
  <testcase classname="testClass.CICIPagesInvalidUser" name="InValidUser" time="1.649"/>
  <testcase classname="testClass.CICIPagesInvalidUser" name="tearDownInValidUser" time="0.041"/>
  <testcase classname="testClass.CICEPagesValidUser" name="initializeValidUser" time="1.44"/>
  <testcase classname="testClass.CICEPagesValidUser" name="ValidUser" time="10.216"/>
  <testcase classname="testClass.CICEPagesValidUser" name="tearDownValidUser" time="0.057"/>
</testsuite> <!-- Test -->
